2021-08-07 15:26:54,498 - instabot version: 0.117.0 (bot) - INFO - Instabot version: 0.117.0 Started
2021-08-07 15:26:54,498 - instabot version: 0.117.0 (bot) - DEBUG - Bot imported from D:\Hobbit\pycharm\postopus\venv\lib\site-packages\instabot\bot\bot.py
2021-08-07 15:26:54,499 - instabot version: 0.117.0 (api_login) - INFO - Not yet logged in starting: PRE-LOGIN FLOW!
2021-08-07 15:26:55,172 - instabot version: 0.117.0 (api) - DEBUG - POST to endpoint: accounts/get_prefill_candidates/ returned response: <Response [200]>
2021-08-07 15:26:55,752 - instabot version: 0.117.0 (api) - DEBUG - POST to endpoint: qe/sync/ returned response: <Response [200]>
2021-08-07 15:26:56,292 - instabot version: 0.117.0 (api) - DEBUG - POST to endpoint: launcher/sync/ returned response: <Response [200]>
2021-08-07 15:26:57,154 - instabot version: 0.117.0 (api) - DEBUG - POST to endpoint: accounts/contact_point_prefill/ returned response: <Response [200]>
2021-08-07 15:26:59,888 - instabot version: 0.117.0 (api) - DEBUG - POST to endpoint: accounts/login/ returned response: <Response [200]>
2021-08-07 15:26:59,888 - instabot version: 0.117.0 (api) - INFO - Logged-in successfully as 'malmig_info'!
2021-08-07 15:26:59,888 - instabot version: 0.117.0 (api_login) - INFO - LOGIN FLOW! Just logged-in: True
2021-08-07 15:27:00,367 - instabot version: 0.117.0 (api) - DEBUG - POST to endpoint: qe/sync/ returned response: <Response [200]>
2021-08-07 15:27:00,845 - instabot version: 0.117.0 (api) - DEBUG - POST to endpoint: launcher/sync/ returned response: <Response [200]>
2021-08-07 15:27:01,344 - instabot version: 0.117.0 (api) - DEBUG - GET to endpoint: zr/token/result/?device_id=android-13063567e17c0fc8&token_hash=&custom_device_id=android-13063567e17c0fc8&fetch_reason=token_expired returned response: <Response [200]>
2021-08-07 15:27:01,799 - instabot version: 0.117.0 (api) - DEBUG - GET to endpoint: multiple_accounts/get_account_family/ returned response: <Response [200]>
2021-08-07 15:27:02,293 - instabot version: 0.117.0 (api) - DEBUG - POST to endpoint: qe/sync/ returned response: <Response [200]>
2021-08-07 15:27:04,100 - instabot version: 0.117.0 (api) - DEBUG - GET to endpoint: igtv/browse_feed/?prefetch=1 returned response: <Response [200]>
2021-08-07 15:27:04,714 - instabot version: 0.117.0 (api) - DEBUG - POST to endpoint: creatives/ar_class/ returned response: <Response [200]>
2021-08-07 15:27:05,603 - instabot version: 0.117.0 (api) - DEBUG - POST to endpoint: feed/reels_tray/ returned response: <Response [200]>
2021-08-07 15:27:07,400 - instabot version: 0.117.0 (api) - DEBUG - POST to endpoint: feed/timeline/ returned response: <Response [200]>
2021-08-07 15:27:07,881 - instabot version: 0.117.0 (api) - DEBUG - GET to endpoint: media/blocked/ returned response: <Response [200]>
2021-08-07 15:27:08,880 - instabot version: 0.117.0 (api) - DEBUG - GET to endpoint: news/inbox/ returned response: <Response [200]>
2021-08-07 15:27:09,445 - instabot version: 0.117.0 (api) - DEBUG - GET to endpoint: loom/fetch_config/ returned response: <Response [200]>
2021-08-07 15:27:10,291 - instabot version: 0.117.0 (api) - DEBUG - GET to endpoint: scores/bootstrap/users/?surfaces=["autocomplete_user_list","coefficient_besties_list_ranking","coefficient_rank_recipient_user_suggestion","coefficient_ios_section_test_bootstrap_ranking","coefficient_direct_recipients_ranking_variant_2"] returned response: <Response [200]>
2021-08-07 15:27:10,801 - instabot version: 0.117.0 (api) - DEBUG - GET to endpoint: business/eligibility/get_monetization_products_eligibility_data/?product_types=branded_content returned response: <Response [200]>
2021-08-07 15:27:11,303 - instabot version: 0.117.0 (api) - DEBUG - GET to endpoint: business/branded_content/should_require_professional_account/ returned response: <Response [200]>
2021-08-07 15:27:11,769 - instabot version: 0.117.0 (api) - DEBUG - GET to endpoint: linked_accounts/get_linkage_status/ returned response: <Response [200]>
2021-08-07 15:27:12,230 - instabot version: 0.117.0 (api) - DEBUG - GET to endpoint: locations/request_country/ returned response: <Response [200]>
2021-08-07 15:27:12,728 - instabot version: 0.117.0 (api) - DEBUG - GET to endpoint: qp/get_cooldowns/?signed_body=signed_body=4b9c516a5410a3bc128e09c6104a7f042146b9c2023870560c63a43a7f66781c.4&ig_sig_key_version=4&ig_sig_key_version=4 returned response: <Response [200]>
2021-08-07 15:27:13,213 - instabot version: 0.117.0 (api) - DEBUG - GET to endpoint: users/arlink_download_info/?version_override=2.2.1 returned response: <Response [200]>
2021-08-07 15:27:13,814 - instabot version: 0.117.0 (api) - DEBUG - GET to endpoint: users/48877929525/info/ returned response: <Response [200]>
2021-08-07 15:27:14,454 - instabot version: 0.117.0 (api) - DEBUG - GET to endpoint: direct_v2/get_presence/ returned response: <Response [200]>
2021-08-07 15:27:15,023 - instabot version: 0.117.0 (api) - DEBUG - GET to endpoint: direct_v2/inbox/?visual_message_return_type=unseen&thread_message_limit=10&persistentBadging=true&limit=20 returned response: <Response [200]>
2021-08-07 15:27:15,643 - instabot version: 0.117.0 (api) - DEBUG - GET to endpoint: direct_v2/inbox/?visual_message_return_type=unseen&persistentBadging=true&limit=0 returned response: <Response [200]>
2021-08-07 15:27:16,721 - instabot version: 0.117.0 (api) - DEBUG - GET to endpoint: discover/topical_explore/?is_prefetch=true&omit_cover_media=true&use_sectional_payload=true&timezone_offset=0&session_id=6b971163-49d7-4815-957e-39101e9feae4&include_fixed_destinations=true returned response: <Response [200]>
2021-08-07 15:27:17,210 - instabot version: 0.117.0 (api) - DEBUG - POST to endpoint: notifications/badge/ returned response: <Response [200]>
2021-08-07 15:27:17,763 - instabot version: 0.117.0 (api) - DEBUG - POST to endpoint: qp/batch_fetch/ returned response: <Response [200]>
2021-08-07 15:27:17,764 - instabot version: 0.117.0 (bot_checkpoint) - DEBUG - Loading Checkpoint file from: D:\Hobbit\pycharm\postopus/config/malmig_info.checkpoint
2021-08-07 15:27:41,490 - instabot version: 0.117.0 (api) - DEBUG - POST to endpoint: media/configure/? returned response: <Response [200]>
2021-08-07 15:27:41,963 - instabot version: 0.117.0 (api) - DEBUG - POST to endpoint: qe/expose/ returned response: <Response [200]>
2021-08-07 15:27:41,963 - instabot version: 0.117.0 (bot_photo) - INFO - Photo 'bases/insta_photo/1.jpeg' is uploaded.
2021-08-07 15:27:41,974 - instabot version: 0.117.0 (bot_checkpoint) - DEBUG - Saving Checkpoint file to: D:\Hobbit\pycharm\postopus/config/malmig_info.checkpoint
2021-08-07 15:27:41,974 - instabot version: 0.117.0 (bot) - INFO - Total requests: 33
